Using pre-set license
Built from '2022.3/staging' branch; Version is '2022.3.9f1 (ea401c316338) revision 15351836'; Using compiler version '192829333'; Build Type 'Release'
OS: 'Windows 10  (10.0.19045) 64bit Core' Language: 'ru' Physical Memory: 16332 MB
BatchMode: 1, IsHumanControllingUs: 0, StartBugReporterOnCrash: 0, Is64bit: 1, IsPro: 1

COMMAND LINE ARGUMENTS:
D:\Unity\2022.3.9f1\Editor\Unity.exe
-adb2
-batchMode
-noUpm
-name
AssetImportWorker2
-projectPath
E:/CasterExplorer/CasterExplorer/Unity/CasterExplorer
-logFile
Logs/AssetImportWorker2.log
-srvPort
63849
Successfully changed project path to: E:/CasterExplorer/CasterExplorer/Unity/CasterExplorer
E:/CasterExplorer/CasterExplorer/Unity/CasterExplorer
[UnityMemory] Configuration Parameters - Can be set up in boot.config
    "memorysetup-bucket-allocator-granularity=16"
    "memorysetup-bucket-allocator-bucket-count=8"
    "memorysetup-bucket-allocator-block-size=33554432"
    "memorysetup-bucket-allocator-block-count=8"
    "memorysetup-main-allocator-block-size=16777216"
    "memorysetup-thread-allocator-block-size=16777216"
    "memorysetup-gfx-main-allocator-block-size=16777216"
    "memorysetup-gfx-thread-allocator-block-size=16777216"
    "memorysetup-cache-allocator-block-size=4194304"
    "memorysetup-typetree-allocator-block-size=2097152"
    "memorysetup-profiler-bucket-allocator-granularity=16"
    "memorysetup-profiler-bucket-allocator-bucket-count=8"
    "memorysetup-profiler-bucket-allocator-block-size=33554432"
    "memorysetup-profiler-bucket-allocator-block-count=8"
    "memorysetup-profiler-allocator-block-size=16777216"
    "memorysetup-profiler-editor-allocator-block-size=1048576"
    "memorysetup-temp-allocator-size-main=16777216"
    "memorysetup-job-temp-allocator-block-size=2097152"
    "memorysetup-job-temp-allocator-block-size-background=1048576"
    "memorysetup-job-temp-allocator-reduction-small-platforms=262144"
    "memorysetup-allocator-temp-initial-block-size-main=262144"
    "memorysetup-allocator-temp-initial-block-size-worker=262144"
    "memorysetup-temp-allocator-size-background-worker=32768"
    "memorysetup-temp-allocator-size-job-worker=262144"
    "memorysetup-temp-allocator-size-preload-manager=33554432"
    "memorysetup-temp-allocator-size-nav-mesh-worker=65536"
    "memorysetup-temp-allocator-size-audio-worker=65536"
    "memorysetup-temp-allocator-size-cloud-worker=32768"
    "memorysetup-temp-allocator-size-gi-baking-worker=262144"
    "memorysetup-temp-allocator-size-gfx=262144"
Player connection [19076] Host "[IP] 26.88.40.156 [Port] 0 [Flags] 2 [Guid] 1804537687 [EditorId] 1804537687 [Version] 1048832 [Id] WindowsEditor(7,Boss) [Debug] 1 [PackageName] WindowsEditor [ProjectName] Editor" joined multi-casting on [225.0.0.222:54997]...

Player connection [19076] Host "[IP] 26.88.40.156 [Port] 0 [Flags] 2 [Guid] 1804537687 [EditorId] 1804537687 [Version] 1048832 [Id] WindowsEditor(7,Boss) [Debug] 1 [PackageName] WindowsEditor [ProjectName] Editor" joined alternative multi-casting on [225.0.0.222:34997]...

[Physics::Module] Initialized MultithreadedJobDispatcher with 11 workers.
Refreshing native plugins compatible for Editor in 13.89 ms, found 3 plugins.
Preloading 0 native plugins for Editor in 0.00 ms.
Initialize engine version: 2022.3.9f1 (ea401c316338)
[Subsystems] Discovering subsystems at path D:/Unity/2022.3.9f1/Editor/Data/Resources/UnitySubsystems
[Subsystems] Discovering subsystems at path E:/CasterExplorer/CasterExplorer/Unity/CasterExplorer/Assets
GfxDevice: creating device client; threaded=0; jobified=0
Direct3D:
    Version:  Direct3D 11.0 [level 11.1]
    Renderer: NVIDIA GeForce GTX 1660 (ID=0x2184)
    Vendor:   NVIDIA
    VRAM:     5980 MB
    Driver:   31.0.15.3623
Initialize mono
Mono path[0] = 'D:/Unity/2022.3.9f1/Editor/Data/Managed'
Mono path[1] = 'D:/Unity/2022.3.9f1/Editor/Data/MonoBleedingEdge/lib/mono/unityjit-win32'
Mono config path = 'D:/Unity/2022.3.9f1/Editor/Data/MonoBleedingEdge/etc'
Using monoOptions --debugger-agent=transport=dt_socket,embedding=1,server=y,suspend=n,address=127.0.0.1:56624
Begin MonoManager ReloadAssembly
Registering precompiled unity dll's ...
Register platform support module: D:/Unity/2022.3.9f1/Editor/Data/PlaybackEngines/WebGLSupport/UnityEditor.WebGL.Extensions.dll
Register platform support module: D:/Unity/2022.3.9f1/Editor/Data/PlaybackEngines/WindowsStandaloneSupport/UnityEditor.WindowsStandalone.Extensions.dll
Registered in 0.006840 seconds.
- Loaded All Assemblies, in  0.507 seconds
Native extension for WindowsStandalone target not found
Native extension for WebGL target not found
Mono: successfully reloaded assembly
- Finished resetting the current domain, in  0.362 seconds
Domain Reload Profiling: 869ms
	BeginReloadAssembly (143ms)
		ExecutionOrderSort (0ms)
		DisableScriptedObjects (0ms)
		BackupInstance (0ms)
		ReleaseScriptingObjects (0ms)
		CreateAndSetChildDomain (1ms)
	RebuildCommonClasses (58ms)
	RebuildNativeTypeToScriptingClass (18ms)
	initialDomainReloadingComplete (80ms)
	LoadAllAssembliesAndSetupDomain (206ms)
		LoadAssemblies (142ms)
		RebuildTransferFunctionScriptingTraits (0ms)
		AnalyzeDomain (204ms)
			TypeCache.Refresh (202ms)
				TypeCache.ScanAssembly (187ms)
			ScanForSourceGeneratedMonoScriptInfo (0ms)
			ResolveRequiredComponents (1ms)
	FinalizeReload (362ms)
		ReleaseScriptCaches (0ms)
		RebuildScriptCaches (0ms)
		SetupLoadedEditorAssemblies (276ms)
			LogAssemblyErrors (0ms)
			InitializePlatformSupportModulesInManaged (11ms)
			SetLoadedEditorAssemblies (7ms)
			RefreshPlugins (0ms)
			BeforeProcessingInitializeOnLoad (4ms)
			ProcessInitializeOnLoadAttributes (188ms)
			ProcessInitializeOnLoadMethodAttributes (66ms)
			AfterProcessingInitializeOnLoad (0ms)
			EditorAssembliesLoaded (0ms)
		ExecutionOrderSort2 (0ms)
		AwakeInstancesAfterBackupRestoration (0ms)
========================================================================
Worker process is ready to serve import requests
Begin MonoManager ReloadAssembly
- Loaded All Assemblies, in  1.091 seconds
Refreshing native plugins compatible for Editor in 4.36 ms, found 3 plugins.
Native extension for WindowsStandalone target not found
Native extension for WebGL target not found
Package Manager log level set to [2]
[Package Manager] Server::EnsureServerProcessIsRunning -- launch failed, reason: Unity was launched with the -noUpm command-line argument
[Package Manager] UpmClient::Send -- Unable to send message (not connected to UPM process).
[Package Manager] Cannot connect to Unity Package Manager local server
Mono: successfully reloaded assembly
- Finished resetting the current domain, in  0.921 seconds
Domain Reload Profiling: 2012ms
	BeginReloadAssembly (221ms)
		ExecutionOrderSort (0ms)
		DisableScriptedObjects (8ms)
		BackupInstance (0ms)
		ReleaseScriptingObjects (0ms)
		CreateAndSetChildDomain (32ms)
	RebuildCommonClasses (50ms)
	RebuildNativeTypeToScriptingClass (17ms)
	initialDomainReloadingComplete (58ms)
	LoadAllAssembliesAndSetupDomain (744ms)
		LoadAssemblies (514ms)
		RebuildTransferFunctionScriptingTraits (0ms)
		AnalyzeDomain (356ms)
			TypeCache.Refresh (300ms)
				TypeCache.ScanAssembly (278ms)
			ScanForSourceGeneratedMonoScriptInfo (39ms)
			ResolveRequiredComponents (14ms)
	FinalizeReload (922ms)
		ReleaseScriptCaches (0ms)
		RebuildScriptCaches (0ms)
		SetupLoadedEditorAssemblies (695ms)
			LogAssemblyErrors (0ms)
			InitializePlatformSupportModulesInManaged (8ms)
			SetLoadedEditorAssemblies (7ms)
			RefreshPlugins (0ms)
			BeforeProcessingInitializeOnLoad (105ms)
			ProcessInitializeOnLoadAttributes (479ms)
			ProcessInitializeOnLoadMethodAttributes (92ms)
			AfterProcessingInitializeOnLoad (4ms)
			EditorAssembliesLoaded (0ms)
		ExecutionOrderSort2 (0ms)
		AwakeInstancesAfterBackupRestoration (10ms)
Failed to load shader (instanceID 628, GUID c8b6a681c7b4e2e4785ffab093907f9e)
Failed to load shader (instanceID 546, GUID 0f4122b9a743b744abe2fb6a0a88868b)
Failed to load shader (instanceID 634, GUID 0a7e590f3cf1d4ee8a8fab5b6eff09ef)
Failed to load shader (instanceID 626, GUID 21322c8b137c66e49b86085d3c8161f6)
Failed to load shader (instanceID 472, GUID d6dae50ee9e1bfa4db75f19f99355220)
Failed to load shader (instanceID 480, GUID ec9fec698a3456d4fb18cf8bacb7a2bc)
Failed to load shader (instanceID 570, GUID 573620ae32aec764abd4d728906d2587)
Failed to load shader (instanceID 638, GUID 74b1585886a85614aa34e2c8e303c77a)
Failed to load shader (instanceID 528, GUID e8ee25143a34b8c4388709ea947055d1)
Failed to load shader (instanceID 476, GUID 04c410c9937594faa893a11dceb85f7e)
Failed to load shader (instanceID 576, GUID a16365e8c873daa4c94919438490b905)
Failed to load shader (instanceID 506, GUID 4431b1f1f743fbf4eb310a967890cbea)
Failed to load shader (instanceID 578, GUID 0d0f817524897904ba47a6a1d55e7668)
Failed to load shader (instanceID 612, GUID 77cfa04f893eb8745b6a454a3d51b43c)
Failed to load shader (instanceID 554, GUID e6e9a19c3678ded42a3bc431ebef7dbd)
Failed to load shader (instanceID 560, GUID d104b2fc1ca6445babb8e90b0758136b)
Failed to load shader (instanceID 482, GUID e7857e9d0c934dc4f83f270f8447b006)
Failed to load shader (instanceID 636, GUID ee7e4c9a5f6364b688a332c67fc32cca)
Failed to load shader (instanceID 642, GUID de02b375720b5c445afe83cd483bedf3)
Failed to load shader (instanceID 494, GUID e8b802ac01d87144b91f12f40c1f2659)
Failed to load shader (instanceID 592, GUID 36e335017ad71d54fbb10842863188ae)
Failed to load shader (instanceID 588, GUID 50b406436c6214c49aaaa6011b71dde8)
Failed to load shader (instanceID 614, GUID ce09d4a80b88c5a4eb9768fab4f1ee00)
Failed to load shader (instanceID 504, GUID 13c02b14c4d048fa9653293d54f6e0e1)
Failed to load shader (instanceID 580, GUID 4386e57b23a56004c93e1d57d2bbcb4f)
Failed to load shader (instanceID 640, GUID c7d04ca57e5449d49ad9cee1c604bc26)
Failed to load shader (instanceID 584, GUID 0ca6dca7396eb48e5849247ffd444914)
Failed to load shader (instanceID 550, GUID cf852408f2e174538bcd9b7fda1c5ae7)
Failed to load shader (instanceID 594, GUID f056d8bd2a1c7e44e9729144b4c70395)
Failed to load shader (instanceID 496, GUID 0406db5a14f94604a8c57ccfbc9f3b46)
Failed to load shader (instanceID 616, GUID 0849e84e3d62649e8882e9d6f056a017)
Failed to load shader (instanceID 620, GUID 5ec81c81908db34429b4f6ddecadd3bd)
Failed to load shader (instanceID 470, GUID c17132b1f77d20942aa75f8429c0f8bc)
Failed to load shader (instanceID 562, GUID c56b7e0d4c7cb484e959caeeedae9bbf)
Failed to load shader (instanceID 564, GUID 7b3ede40266cd49a395def176e1bc486)
Failed to load shader (instanceID 520, GUID a15b78cf8ca26ca4fb2090293153c62c)
Failed to load shader (instanceID 486, GUID 933532a4fcc9baf4fa0491de14d08ed7)
Failed to load shader (instanceID 542, GUID e507fdfead5ca47e8b9a768b51c291a1)
Failed to load shader (instanceID 522, GUID 5f1864addb451f54bae8c86d230f736e)
Failed to load shader (instanceID 596, GUID 8516d7a69675844a7a0b7095af7c46af)
Failed to load shader (instanceID 514, GUID 5e7134d6e63e0bc47a1dd2669cedb379)
Failed to load shader (instanceID 508, GUID d5a307c014552314b9f560906d708772)
Failed to load shader (instanceID 600, GUID 8fbe92a9edfe6074e841d6dd1509bc59)
Failed to load shader (instanceID 478, GUID 65df88701913c224d95fc554db28381a)
Failed to load shader (instanceID 644, GUID 650dd9526735d5b46b79224bc6e94025)
Failed to load shader (instanceID 516, GUID 2aed67ad60045d54ba3a00c91e2d2631)
Failed to load shader (instanceID 510, GUID 1121bb4e615ca3c48b214e79e841e823)
Failed to load shader (instanceID 602, GUID 5caf62d8bd7c44596ace77ef9eb8ea31)
Failed to load shader (instanceID 552, GUID e9155b26e1bc55942a41e518703fe304)
Failed to load shader (instanceID 540, GUID f6783ab646d374f94b199774402a5144)
Failed to load shader (instanceID 646, GUID 19dfbb09098c9584a83c956fbd6c5d79)
Failed to load shader (instanceID 502, GUID 8d2bb70cbf9db8d4da26e15b26e74248)
Failed to load shader (instanceID 498, GUID 69c1f799e772cb6438f56c23efccb782)
Failed to load shader (instanceID 558, GUID 93446b5c5339d4f00b85c159e1159b7c)
Failed to load shader (instanceID 556, GUID 5fd9a8feb75a4b5894c241777f519d4e)
Failed to load shader (instanceID 632, GUID da07703fcc09f8d4799221050659bd55)
Failed to load shader (instanceID 648, GUID 2df96b66b5510f94b98df2ac6f926ef4)
Failed to load shader (instanceID 574, GUID 61e53729ad706d049b12a441f328fe34)
Failed to load shader (instanceID 604, GUID e35a31e1679aeff489e202f5cc4853d5)
Failed to load shader (instanceID 544, GUID 29868e73b638e48ca99a19ea58c48d90)
Failed to load shader (instanceID 526, GUID 6cda457ac28612740adb23da5d39ea92)
Failed to load shader (instanceID 488, GUID e39bd598ce13f44ba8af997d3e42cd18)
Failed to load shader (instanceID 524, GUID 131f1b93a4ebd459ba87b6bad055fb33)
Failed to load shader (instanceID 606, GUID b7839dad95683814aa64166edc107ae2)
Failed to load shader (instanceID 622, GUID d79e1c784eaf80c4585c0be7391f757a)
Failed to load shader (instanceID 618, GUID 44fc62292b65ab04eabcf310e799ccf6)
Failed to load shader (instanceID 530, GUID 562b7ae4f629f144aa97780546fce7c6)
Failed to load shader (instanceID 500, GUID e260cfa7296ee7642b167f1eb5be5023)
Failed to load shader (instanceID 518, GUID 1edcd131364091c46a17cbff0b1de97a)
Failed to load shader (instanceID 582, GUID 95e15a77195eb574ab82aaac18b1c796)
Failed to load shader (instanceID 650, GUID 77774d9009bb81447b048c907d4c6273)
Failed to load shader (instanceID 624, GUID 99134b1f0c27d54469a840832a28fadf)
Failed to load shader (instanceID 566, GUID 7f888aff2ac86494babad1c2c5daeee2)
Failed to load shader (instanceID 512, GUID 63eaba0ebfb82cc43bde059b4a8c65f6)
Failed to load shader (instanceID 490, GUID 60e10855641b4d84da68ec72e6f6eeb8)
Failed to load shader (instanceID 474, GUID 0f854b35a0cf61a429bd5dcfea30eddd)
Failed to load shader (instanceID 532, GUID c49e63ed1bbcb334780a3bd19dfed403)
Failed to load shader (instanceID 568, GUID a89bee29cffa951418fc1e2da94d1959)
Failed to load shader (instanceID 586, GUID 7e60080c8cd24a2468cb08b4bfee5606)
Launched and connected shader compiler UnityShaderCompiler.exe after 0.12 seconds
Refreshing native plugins compatible for Editor in 4.27 ms, found 3 plugins.
Preloading 0 native plugins for Editor in 0.00 ms.
Unloading 3565 Unused Serialized files (Serialized files now loaded: 0)
Unloading 36 unused Assets / (101.0 KB). Loaded Objects now: 4050.
Memory consumption went from 153.0 MB to 152.9 MB.
Total: 5.623700 ms (FindLiveObjects: 0.433800 ms CreateObjectMapping: 0.137600 ms MarkObjects: 4.655500 ms  DeleteObjects: 0.393700 ms)

AssetImportParameters requested are different than current active one (requested -> active):
  custom:container-demuxer-ogg: 62fdf1f143b41e24485cea50d1cbac27 -> 
  custom:video-decoder-ogg-theora: a1e56fd34408186e4bbccfd4996cb3dc -> 
  custom:framework-win-MediaFoundation: 216162199b28c13a410421893ffa2e32 -> 
  custom:container-demuxer-webm: 4f35f7cbe854078d1ac9338744f61a02 -> 
  custom:container-muxer-webm: aa71ff27fc2769a1b78a27578f13a17b -> 
  custom:video-decoder-webm-vp8: 9c59270c3fd7afecdb556c50c9e8de78 -> 
  custom:AudioImporter_EditorPlatform: d09bf68614088b80899f8185d706f6e7 -> 
  custom:video-encoder-webm-vp8: eb34c28f22e8b96e1ab97ce403110664 -> 
  custom:audio-decoder-ogg-vorbis: bf7c407c2cedff20999df2af8eb42d56 -> 
  custom:audio-encoder-webm-vorbis: bf7c407c2cedff20999df2af8eb42d56 -> 
========================================================================
Received Import Request.
  Time since last request: 15914.759586 seconds.
  path: Assets/New Terrain 4.asset
  artifactKey: Guid(46b54955b36ef7f42909f14d2c44d200) Importer(815301076,1909f56bfc062723c751e8b465ee728b)
Start importing Assets/New Terrain 4.asset using Guid(46b54955b36ef7f42909f14d2c44d200) Importer(815301076,1909f56bfc062723c751e8b465ee728b)  -> (artifact id: 'b30e109fcb868c634c746bd710e3fa46') in 0.144208 seconds
Number of updated asset objects reloaded before import = 0
Number of asset objects unloaded after import = 4
========================================================================
Received Import Request.
  Time since last request: 44.328774 seconds.
  path: Assets/CasterExplorer
  artifactKey: Guid(d4fe034739ccf87428f9e51fbf739d93) Importer(815301076,1909f56bfc062723c751e8b465ee728b)
Start importing Assets/CasterExplorer using Guid(d4fe034739ccf87428f9e51fbf739d93) Importer(815301076,1909f56bfc062723c751e8b465ee728b)  -> (artifact id: '4fa3880b186ab97503dabd074de43fa4') in 0.000569 seconds
Number of updated asset objects reloaded before import = 0
Number of asset objects unloaded after import = 0
========================================================================
Received Import Request.
  Time since last request: 1.679997 seconds.
  path: Assets/CasterExplorer/Settings
  artifactKey: Guid(fcaa323fb9480c94eb06eef2b33ce649) Importer(815301076,1909f56bfc062723c751e8b465ee728b)
Start importing Assets/CasterExplorer/Settings using Guid(fcaa323fb9480c94eb06eef2b33ce649) Importer(815301076,1909f56bfc062723c751e8b465ee728b)  -> (artifact id: '5b015556a6aa2d9a6b47a844da8ccd2d') in 0.000453 seconds
Number of updated asset objects reloaded before import = 0
Number of asset objects unloaded after import = 0
========================================================================
Received Import Request.
  Time since last request: 0.060027 seconds.
  path: Assets/CasterExplorer/Settings/New Universal Render Pipeline Asset.asset
  artifactKey: Guid(112419065993a944c8890be43d38f99c) Importer(815301076,1909f56bfc062723c751e8b465ee728b)
Start importing Assets/CasterExplorer/Settings/New Universal Render Pipeline Asset.asset using Guid(112419065993a944c8890be43d38f99c) Importer(815301076,1909f56bfc062723c751e8b465ee728b)  -> (artifact id: '3931099f9311339e335903200f02aa1c') in 0.000744 seconds
Number of updated asset objects reloaded before import = 0
Number of asset objects unloaded after import = 0
========================================================================
Received Import Request.
  Time since last request: 65.959439 seconds.
  path: Packages/com.unity.shadergraph/ShaderGraphLibrary/Nature/SpeedTree8Wind.hlsl
  artifactKey: Guid(8b4aa8c48881d4142b1c30e408b503d8) Importer(815301076,1909f56bfc062723c751e8b465ee728b)
Start importing Packages/com.unity.shadergraph/ShaderGraphLibrary/Nature/SpeedTree8Wind.hlsl using Guid(8b4aa8c48881d4142b1c30e408b503d8) Importer(815301076,1909f56bfc062723c751e8b465ee728b)  -> (artifact id: 'c9c5f7f9471c211a0c979eb856be837d') in 0.000670 seconds
Number of updated asset objects reloaded before import = 0
Number of asset objects unloaded after import = 0
========================================================================
Received Import Request.
  Time since last request: 0.009575 seconds.
  path: Packages/com.unity.shadergraph/ShaderGraphLibrary/Nature/SpeedTreeCommon.hlsl
  artifactKey: Guid(33eafb83c6bce0842b6887eebaf95436) Importer(815301076,1909f56bfc062723c751e8b465ee728b)
Start importing Packages/com.unity.shadergraph/ShaderGraphLibrary/Nature/SpeedTreeCommon.hlsl using Guid(33eafb83c6bce0842b6887eebaf95436) Importer(815301076,1909f56bfc062723c751e8b465ee728b)  -> (artifact id: '858acc8b67463e3303781700c06763bf') in 0.001128 seconds
Number of updated asset objects reloaded before import = 0
Number of asset objects unloaded after import = 0
========================================================================
Received Prepare
Failed to load shader (instanceID 628, GUID c8b6a681c7b4e2e4785ffab093907f9e)
Failed to load shader (instanceID 546, GUID 0f4122b9a743b744abe2fb6a0a88868b)
Failed to load shader (instanceID 634, GUID 0a7e590f3cf1d4ee8a8fab5b6eff09ef)
Failed to load shader (instanceID 626, GUID 21322c8b137c66e49b86085d3c8161f6)
Failed to load shader (instanceID 472, GUID d6dae50ee9e1bfa4db75f19f99355220)
Failed to load shader (instanceID 480, GUID ec9fec698a3456d4fb18cf8bacb7a2bc)
Failed to load shader (instanceID 570, GUID 573620ae32aec764abd4d728906d2587)
Failed to load shader (instanceID 638, GUID 74b1585886a85614aa34e2c8e303c77a)
Failed to load shader (instanceID 528, GUID e8ee25143a34b8c4388709ea947055d1)
Failed to load shader (instanceID 476, GUID 04c410c9937594faa893a11dceb85f7e)
Failed to load shader (instanceID 576, GUID a16365e8c873daa4c94919438490b905)
Failed to load shader (instanceID 506, GUID 4431b1f1f743fbf4eb310a967890cbea)
Failed to load shader (instanceID 578, GUID 0d0f817524897904ba47a6a1d55e7668)
Failed to load shader (instanceID 612, GUID 77cfa04f893eb8745b6a454a3d51b43c)
Failed to load shader (instanceID 554, GUID e6e9a19c3678ded42a3bc431ebef7dbd)
Failed to load shader (instanceID 560, GUID d104b2fc1ca6445babb8e90b0758136b)
Failed to load shader (instanceID 482, GUID e7857e9d0c934dc4f83f270f8447b006)
Failed to load shader (instanceID 636, GUID ee7e4c9a5f6364b688a332c67fc32cca)
Failed to load shader (instanceID 642, GUID de02b375720b5c445afe83cd483bedf3)
Failed to load shader (instanceID 494, GUID e8b802ac01d87144b91f12f40c1f2659)
Failed to load shader (instanceID 592, GUID 36e335017ad71d54fbb10842863188ae)
Failed to load shader (instanceID 588, GUID 50b406436c6214c49aaaa6011b71dde8)
Failed to load shader (instanceID 614, GUID ce09d4a80b88c5a4eb9768fab4f1ee00)
Failed to load shader (instanceID 504, GUID 13c02b14c4d048fa9653293d54f6e0e1)
Failed to load shader (instanceID 580, GUID 4386e57b23a56004c93e1d57d2bbcb4f)
Failed to load shader (instanceID 640, GUID c7d04ca57e5449d49ad9cee1c604bc26)
Failed to load shader (instanceID 584, GUID 0ca6dca7396eb48e5849247ffd444914)
Failed to load shader (instanceID 550, GUID cf852408f2e174538bcd9b7fda1c5ae7)
Failed to load shader (instanceID 594, GUID f056d8bd2a1c7e44e9729144b4c70395)
Failed to load shader (instanceID 496, GUID 0406db5a14f94604a8c57ccfbc9f3b46)
Failed to load shader (instanceID 616, GUID 0849e84e3d62649e8882e9d6f056a017)
Failed to load shader (instanceID 620, GUID 5ec81c81908db34429b4f6ddecadd3bd)
Failed to load shader (instanceID 470, GUID c17132b1f77d20942aa75f8429c0f8bc)
Failed to load shader (instanceID 562, GUID c56b7e0d4c7cb484e959caeeedae9bbf)
Failed to load shader (instanceID 564, GUID 7b3ede40266cd49a395def176e1bc486)
Failed to load shader (instanceID 520, GUID a15b78cf8ca26ca4fb2090293153c62c)
Failed to load shader (instanceID 486, GUID 933532a4fcc9baf4fa0491de14d08ed7)
Failed to load shader (instanceID 542, GUID e507fdfead5ca47e8b9a768b51c291a1)
Failed to load shader (instanceID 522, GUID 5f1864addb451f54bae8c86d230f736e)
Failed to load shader (instanceID 596, GUID 8516d7a69675844a7a0b7095af7c46af)
Failed to load shader (instanceID 514, GUID 5e7134d6e63e0bc47a1dd2669cedb379)
Failed to load shader (instanceID 508, GUID d5a307c014552314b9f560906d708772)
Failed to load shader (instanceID 600, GUID 8fbe92a9edfe6074e841d6dd1509bc59)
Failed to load shader (instanceID 478, GUID 65df88701913c224d95fc554db28381a)
Failed to load shader (instanceID 644, GUID 650dd9526735d5b46b79224bc6e94025)
Failed to load shader (instanceID 516, GUID 2aed67ad60045d54ba3a00c91e2d2631)
Failed to load shader (instanceID 510, GUID 1121bb4e615ca3c48b214e79e841e823)
Failed to load shader (instanceID 602, GUID 5caf62d8bd7c44596ace77ef9eb8ea31)
Failed to load shader (instanceID 552, GUID e9155b26e1bc55942a41e518703fe304)
Failed to load shader (instanceID 540, GUID f6783ab646d374f94b199774402a5144)
Failed to load shader (instanceID 646, GUID 19dfbb09098c9584a83c956fbd6c5d79)
Failed to load shader (instanceID 502, GUID 8d2bb70cbf9db8d4da26e15b26e74248)
Failed to load shader (instanceID 498, GUID 69c1f799e772cb6438f56c23efccb782)
Failed to load shader (instanceID 558, GUID 93446b5c5339d4f00b85c159e1159b7c)
Failed to load shader (instanceID 556, GUID 5fd9a8feb75a4b5894c241777f519d4e)
Failed to load shader (instanceID 632, GUID da07703fcc09f8d4799221050659bd55)
Failed to load shader (instanceID 648, GUID 2df96b66b5510f94b98df2ac6f926ef4)
Failed to load shader (instanceID 574, GUID 61e53729ad706d049b12a441f328fe34)
Failed to load shader (instanceID 604, GUID e35a31e1679aeff489e202f5cc4853d5)
Failed to load shader (instanceID 544, GUID 29868e73b638e48ca99a19ea58c48d90)
Failed to load shader (instanceID 526, GUID 6cda457ac28612740adb23da5d39ea92)
Failed to load shader (instanceID 488, GUID e39bd598ce13f44ba8af997d3e42cd18)
Failed to load shader (instanceID 524, GUID 131f1b93a4ebd459ba87b6bad055fb33)
Failed to load shader (instanceID 606, GUID b7839dad95683814aa64166edc107ae2)
Failed to load shader (instanceID 622, GUID d79e1c784eaf80c4585c0be7391f757a)
Failed to load shader (instanceID 618, GUID 44fc62292b65ab04eabcf310e799ccf6)
Failed to load shader (instanceID 530, GUID 562b7ae4f629f144aa97780546fce7c6)
Failed to load shader (instanceID 500, GUID e260cfa7296ee7642b167f1eb5be5023)
Failed to load shader (instanceID 518, GUID 1edcd131364091c46a17cbff0b1de97a)
Failed to load shader (instanceID 582, GUID 95e15a77195eb574ab82aaac18b1c796)
Failed to load shader (instanceID 650, GUID 77774d9009bb81447b048c907d4c6273)
Failed to load shader (instanceID 624, GUID 99134b1f0c27d54469a840832a28fadf)
Failed to load shader (instanceID 566, GUID 7f888aff2ac86494babad1c2c5daeee2)
Failed to load shader (instanceID 512, GUID 63eaba0ebfb82cc43bde059b4a8c65f6)
Failed to load shader (instanceID 490, GUID 60e10855641b4d84da68ec72e6f6eeb8)
Failed to load shader (instanceID 474, GUID 0f854b35a0cf61a429bd5dcfea30eddd)
Failed to load shader (instanceID 532, GUID c49e63ed1bbcb334780a3bd19dfed403)
Failed to load shader (instanceID 568, GUID a89bee29cffa951418fc1e2da94d1959)
Failed to load shader (instanceID 586, GUID 7e60080c8cd24a2468cb08b4bfee5606)
Refreshing native plugins compatible for Editor in 3.49 ms, found 3 plugins.
Preloading 0 native plugins for Editor in 0.00 ms.
Unloading 1 Unused Serialized files (Serialized files now loaded: 0)
Unloading 2 unused Assets / (48.0 KB). Loaded Objects now: 4053.
Memory consumption went from 89.3 MB to 89.2 MB.
Total: 4.478900 ms (FindLiveObjects: 0.355500 ms CreateObjectMapping: 0.103800 ms MarkObjects: 3.874700 ms  DeleteObjects: 0.143800 ms)

Prepare: number of updated asset objects reloaded= 0
AssetImportParameters requested are different than current active one (requested -> active):
  custom:container-demuxer-ogg: 62fdf1f143b41e24485cea50d1cbac27 -> 
  custom:video-decoder-ogg-theora: a1e56fd34408186e4bbccfd4996cb3dc -> 
  custom:framework-win-MediaFoundation: 216162199b28c13a410421893ffa2e32 -> 
  custom:CustomObjectIndexerAttribute: a3ef5dd2817f97addfee359851a9dba5 -> 
  custom:container-demuxer-webm: 4f35f7cbe854078d1ac9338744f61a02 -> 
  custom:container-muxer-webm: aa71ff27fc2769a1b78a27578f13a17b -> 
  custom:video-decoder-webm-vp8: 9c59270c3fd7afecdb556c50c9e8de78 -> 
  custom:SearchIndexIgnoredProperties: e643bd26f0fe6173181afceb89e7c659 -> 
  custom:AudioImporter_EditorPlatform: d09bf68614088b80899f8185d706f6e7 -> 
  custom:video-encoder-webm-vp8: eb34c28f22e8b96e1ab97ce403110664 -> 
  custom:audio-decoder-ogg-vorbis: bf7c407c2cedff20999df2af8eb42d56 -> 
  custom:audio-encoder-webm-vorbis: bf7c407c2cedff20999df2af8eb42d56 -> 
========================================================================
Received Import Request.
  Time since last request: 139.127716 seconds.
  path: Packages/com.unity.shadergraph/ShaderGraphLibrary/Nature/SpeedTree8InterpolatedNormals.shadersubgraph
  artifactKey: Guid(b04441f4a83ad224d92d547d170c366b) Importer(815301076,1909f56bfc062723c751e8b465ee728b)
Start importing Packages/com.unity.shadergraph/ShaderGraphLibrary/Nature/SpeedTree8InterpolatedNormals.shadersubgraph using Guid(b04441f4a83ad224d92d547d170c366b) Importer(815301076,1909f56bfc062723c751e8b465ee728b)  -> (artifact id: '987a8c5e566c829ba25fa5e3707b0c34') in 0.005157 seconds
Number of updated asset objects reloaded before import = 0
Number of asset objects unloaded after import = 1
========================================================================
Received Import Request.
  Time since last request: 1.723984 seconds.
  path: Packages/com.unity.shadergraph/ShaderGraphLibrary/Nature/SpeedTree8ColorAlpha.shadersubgraph
  artifactKey: Guid(1b4ecad27a9bc714e8d3af3ffb8a368c) Importer(815301076,1909f56bfc062723c751e8b465ee728b)
Start importing Packages/com.unity.shadergraph/ShaderGraphLibrary/Nature/SpeedTree8ColorAlpha.shadersubgraph using Guid(1b4ecad27a9bc714e8d3af3ffb8a368c) Importer(815301076,1909f56bfc062723c751e8b465ee728b)  -> (artifact id: 'b6aa36eed056c96f35abcde96f77c51f') in 0.001000 seconds
Number of updated asset objects reloaded before import = 0
Number of asset objects unloaded after import = 1
========================================================================
Received Import Request.
  Time since last request: 1.652142 seconds.
  path: Packages/com.unity.shadergraph/ShaderGraphLibrary/Nature/SpeedTree8Billboard.shadersubgraph
  artifactKey: Guid(89c32740b629abb41bf9b65e3a64c373) Importer(815301076,1909f56bfc062723c751e8b465ee728b)
Start importing Packages/com.unity.shadergraph/ShaderGraphLibrary/Nature/SpeedTree8Billboard.shadersubgraph using Guid(89c32740b629abb41bf9b65e3a64c373) Importer(815301076,1909f56bfc062723c751e8b465ee728b)  -> (artifact id: 'ed383dd04665fcef0a5b2def59dab470') in 0.000964 seconds
Number of updated asset objects reloaded before import = 0
Number of asset objects unloaded after import = 1
========================================================================
Received Import Request.
  Time since last request: 1.799101 seconds.
  path: Packages/com.unity.shadergraph/ShaderGraphLibrary/Nature/SpeedTree8Wind.shadersubgraph
  artifactKey: Guid(e9398b7940890a74eafc240b5a593541) Importer(815301076,1909f56bfc062723c751e8b465ee728b)
Start importing Packages/com.unity.shadergraph/ShaderGraphLibrary/Nature/SpeedTree8Wind.shadersubgraph using Guid(e9398b7940890a74eafc240b5a593541) Importer(815301076,1909f56bfc062723c751e8b465ee728b)  -> (artifact id: 'dc50bf8e8565bcc90801051d4e5c44ba') in 0.000970 seconds
Number of updated asset objects reloaded before import = 0
Number of asset objects unloaded after import = 1
========================================================================
Received Import Request.
  Time since last request: 0.760799 seconds.
  path: Packages/com.unity.shadergraph/ShaderGraphLibrary/DummyShaderGraphLibrary.cs
  artifactKey: Guid(e1cfbf2a3c53e704ba1a9450da64c95c) Importer(815301076,1909f56bfc062723c751e8b465ee728b)
Start importing Packages/com.unity.shadergraph/ShaderGraphLibrary/DummyShaderGraphLibrary.cs using Guid(e1cfbf2a3c53e704ba1a9450da64c95c) Importer(815301076,1909f56bfc062723c751e8b465ee728b)  -> (artifact id: '63ff513cdb6ae97e9ded67520e2a24ad') in 0.000638 seconds
Number of updated asset objects reloaded before import = 0
Number of asset objects unloaded after import = 0
========================================================================
Received Import Request.
  Time since last request: 0.014703 seconds.
  path: Packages/com.unity.shadergraph/ShaderGraphLibrary/PreviewPass.hlsl
  artifactKey: Guid(0db5a27336918594d860a43da98f2b47) Importer(815301076,1909f56bfc062723c751e8b465ee728b)
Start importing Packages/com.unity.shadergraph/ShaderGraphLibrary/PreviewPass.hlsl using Guid(0db5a27336918594d860a43da98f2b47) Importer(815301076,1909f56bfc062723c751e8b465ee728b)  -> (artifact id: 'bd67622f65c8a77d1e20e13bacd5ae9c') in 0.000675 seconds
Number of updated asset objects reloaded before import = 0
Number of asset objects unloaded after import = 0
========================================================================
Received Import Request.
  Time since last request: 0.013256 seconds.
  path: Packages/com.unity.shadergraph/ShaderGraphLibrary/ShaderVariablesFunctions.hlsl
  artifactKey: Guid(7084c0669cdb2af4ab8c669b3139e0df) Importer(815301076,1909f56bfc062723c751e8b465ee728b)
Start importing Packages/com.unity.shadergraph/ShaderGraphLibrary/ShaderVariablesFunctions.hlsl using Guid(7084c0669cdb2af4ab8c669b3139e0df) Importer(815301076,1909f56bfc062723c751e8b465ee728b)  -> (artifact id: 'c7b327161eddb27943661ed9f637abce') in 0.000957 seconds
Number of updated asset objects reloaded before import = 0
Number of asset objects unloaded after import = 0
========================================================================
Received Import Request.
  Time since last request: 0.000027 seconds.
  path: Packages/com.unity.shadergraph/ShaderGraphLibrary/ShaderVariablesMatrixDefsLegacyUnity.hlsl
  artifactKey: Guid(0d85288be460c884bba7ec9ef5c6684d) Importer(815301076,1909f56bfc062723c751e8b465ee728b)
Start importing Packages/com.unity.shadergraph/ShaderGraphLibrary/ShaderVariablesMatrixDefsLegacyUnity.hlsl using Guid(0d85288be460c884bba7ec9ef5c6684d) Importer(815301076,1909f56bfc062723c751e8b465ee728b)  -> (artifact id: '883f589e687ecb10869c85d3255b3790') in 0.000618 seconds
Number of updated asset objects reloaded before import = 0
Number of asset objects unloaded after import = 0
========================================================================
Received Import Request.
  Time since last request: 0.000030 seconds.
  path: Packages/com.unity.shadergraph/ShaderGraphLibrary/ShaderConfig.cs.hlsl
  artifactKey: Guid(2c6472a689b6ae34e806881d3066cfb3) Importer(815301076,1909f56bfc062723c751e8b465ee728b)
Start importing Packages/com.unity.shadergraph/ShaderGraphLibrary/ShaderConfig.cs.hlsl using Guid(2c6472a689b6ae34e806881d3066cfb3) Importer(815301076,1909f56bfc062723c751e8b465ee728b)  -> (artifact id: 'ad1ebb8e99906f8a522975f643db567b') in 0.000517 seconds
Number of updated asset objects reloaded before import = 0
Number of asset objects unloaded after import = 0
========================================================================
Received Import Request.
  Time since last request: 2.638567 seconds.
  path: Packages/com.unity.shadergraph/CHANGELOG.md
  artifactKey: Guid(d652dd37e32b64cc9b4e36a1e7ddf1b8) Importer(815301076,1909f56bfc062723c751e8b465ee728b)
Start importing Packages/com.unity.shadergraph/CHANGELOG.md using Guid(d652dd37e32b64cc9b4e36a1e7ddf1b8) Importer(815301076,1909f56bfc062723c751e8b465ee728b)  -> (artifact id: '993ce15e216eca8a0294464e7b54bac7') in 0.000680 seconds
Number of updated asset objects reloaded before import = 0
Number of asset objects unloaded after import = 0
========================================================================
Received Import Request.
  Time since last request: 0.000036 seconds.
  path: Packages/com.unity.shadergraph/README.md
  artifactKey: Guid(08534868baca5cc4092711da8c94e981) Importer(815301076,1909f56bfc062723c751e8b465ee728b)
Start importing Packages/com.unity.shadergraph/README.md using Guid(08534868baca5cc4092711da8c94e981) Importer(815301076,1909f56bfc062723c751e8b465ee728b)  -> (artifact id: '57df7695dbf876198bbd1ca816526ed3') in 0.001085 seconds
Number of updated asset objects reloaded before import = 0
Number of asset objects unloaded after import = 0
========================================================================
Received Import Request.
  Time since last request: 47.908404 seconds.
  path: Assets/CasterExplorer/UI/PauseMenu/ConfirmationPopupMenu.prefab
  artifactKey: Guid(aaf8be23a05c1b24497d70582c112b6b) Importer(815301076,1909f56bfc062723c751e8b465ee728b)
Start importing Assets/CasterExplorer/UI/PauseMenu/ConfirmationPopupMenu.prefab using Guid(aaf8be23a05c1b24497d70582c112b6b) Importer(815301076,1909f56bfc062723c751e8b465ee728b)  -> (artifact id: 'aab7628d0d52ffbd3f3b74e0219a2cd8') in 0.053081 seconds
Number of updated asset objects reloaded before import = 0
Number of asset objects unloaded after import = 39
========================================================================
Received Import Request.
  Time since last request: 0.000019 seconds.
  path: Packages/com.unity.render-pipelines.core/Runtime/Debugging/Prefabs/Widgets/DebugUIEnumHistory.prefab
  artifactKey: Guid(b2da6b27df236b144b3516ed8e7d36ac) Importer(815301076,1909f56bfc062723c751e8b465ee728b)
Start importing Packages/com.unity.render-pipelines.core/Runtime/Debugging/Prefabs/Widgets/DebugUIEnumHistory.prefab using Guid(b2da6b27df236b144b3516ed8e7d36ac) Importer(815301076,1909f56bfc062723c751e8b465ee728b)  -> (artifact id: '6b611f46ca96ff0f96754636ce5c31a3') in 0.005224 seconds
Number of updated asset objects reloaded before import = 0
Number of asset objects unloaded after import = 13
========================================================================
Received Import Request.
  Time since last request: 0.000017 seconds.
  path: Packages/com.unity.render-pipelines.core/Runtime/Debugging/Prefabs/Widgets/DebugUIGroup.prefab
  artifactKey: Guid(38a07789c9e87004dad98c2909f58369) Importer(815301076,1909f56bfc062723c751e8b465ee728b)
Start importing Packages/com.unity.render-pipelines.core/Runtime/Debugging/Prefabs/Widgets/DebugUIGroup.prefab using Guid(38a07789c9e87004dad98c2909f58369) Importer(815301076,1909f56bfc062723c751e8b465ee728b)  -> (artifact id: 'a916a2143458562905941cd1782957cf') in 0.004540 seconds
Number of updated asset objects reloaded before import = 0
Number of asset objects unloaded after import = 20
========================================================================
Received Import Request.
  Time since last request: 0.000022 seconds.
  path: Packages/com.unity.render-pipelines.core/Runtime/Debugging/Prefabs/Widgets/DebugUIObjectPopupField.prefab
  artifactKey: Guid(48fb043c850cadc4a883b53785e14c6e) Importer(815301076,1909f56bfc062723c751e8b465ee728b)
Start importing Packages/com.unity.render-pipelines.core/Runtime/Debugging/Prefabs/Widgets/DebugUIObjectPopupField.prefab using Guid(48fb043c850cadc4a883b53785e14c6e) Importer(815301076,1909f56bfc062723c751e8b465ee728b)  -> (artifact id: '954f7fd182b56d0e4e3cfbb2fa6e3247') in 0.003268 seconds
Number of updated asset objects reloaded before import = 0
Number of asset objects unloaded after import = 25
========================================================================
Received Import Request.
  Time since last request: 0.000026 seconds.
  path: Packages/com.unity.render-pipelines.core/Runtime/Debugging/Prefabs/Widgets/DebugUIMessageBox.prefab
  artifactKey: Guid(10a25524b0986f9488b430e2829bbbe8) Importer(815301076,1909f56bfc062723c751e8b465ee728b)
Start importing Packages/com.unity.render-pipelines.core/Runtime/Debugging/Prefabs/Widgets/DebugUIMessageBox.prefab using Guid(10a25524b0986f9488b430e2829bbbe8) Importer(815301076,1909f56bfc062723c751e8b465ee728b)  -> (artifact id: '2b7cdc839983dc778a63e1cd10fc63dc') in 0.002658 seconds
Number of updated asset objects reloaded before import = 0
Number of asset objects unloaded after import = 13
========================================================================
Received Import Request.
  Time since last request: 0.000015 seconds.
  path: Packages/com.unity.render-pipelines.core/Runtime/Debugging/Prefabs/Widgets/DebugUIToggleHistory.prefab
  artifactKey: Guid(5088d0220f0c4df439cf06c5c270eacb) Importer(815301076,1909f56bfc062723c751e8b465ee728b)
Start importing Packages/com.unity.render-pipelines.core/Runtime/Debugging/Prefabs/Widgets/DebugUIToggleHistory.prefab using Guid(5088d0220f0c4df439cf06c5c270eacb) Importer(815301076,1909f56bfc062723c751e8b465ee728b)  -> (artifact id: '13c1df031bbf16b5a1bdef3173560503') in 0.003960 seconds
Number of updated asset objects reloaded before import = 0
Number of asset objects unloaded after import = 20
========================================================================
Received Import Request.
  Time since last request: 0.000015 seconds.
  path: Packages/com.unity.render-pipelines.core/Runtime/Debugging/Prefabs/Widgets/DebugUIFoldout.prefab
  artifactKey: Guid(1c87ab2ce8b8b304d98fbe9a734b1f74) Importer(815301076,1909f56bfc062723c751e8b465ee728b)
Start importing Packages/com.unity.render-pipelines.core/Runtime/Debugging/Prefabs/Widgets/DebugUIFoldout.prefab using Guid(1c87ab2ce8b8b304d98fbe9a734b1f74) Importer(815301076,1909f56bfc062723c751e8b465ee728b)  -> (artifact id: '3397f3072f93570827c231ae52e3b9c2') in 0.003792 seconds
Number of updated asset objects reloaded before import = 0
Number of asset objects unloaded after import = 29
========================================================================
Received Import Request.
  Time since last request: 0.000019 seconds.
  path: Packages/com.unity.render-pipelines.core/Runtime/Debugging/Prefabs/Widgets/DebugUIPanel.prefab
  artifactKey: Guid(daa46a58178a6ad41ae1ddc2dc7f856d) Importer(815301076,1909f56bfc062723c751e8b465ee728b)
Start importing Packages/com.unity.render-pipelines.core/Runtime/Debugging/Prefabs/Widgets/DebugUIPanel.prefab using Guid(daa46a58178a6ad41ae1ddc2dc7f856d) Importer(815301076,1909f56bfc062723c751e8b465ee728b)  -> (artifact id: 'bf95e8bf99d4e4bfa1583bf5ed2e016e') in 0.009104 seconds
Number of updated asset objects reloaded before import = 0
Number of asset objects unloaded after import = 94
========================================================================
Received Import Request.
  Time since last request: 0.000018 seconds.
  path: Packages/com.unity.render-pipelines.core/Runtime/Debugging/Prefabs/Widgets/DebugUIUIntField.prefab
  artifactKey: Guid(f22bcc84a5f4a1944b075a2c4ac71493) Importer(815301076,1909f56bfc062723c751e8b465ee728b)
Start importing Packages/com.unity.render-pipelines.core/Runtime/Debugging/Prefabs/Widgets/DebugUIUIntField.prefab using Guid(f22bcc84a5f4a1944b075a2c4ac71493) Importer(815301076,1909f56bfc062723c751e8b465ee728b)  -> (artifact id: 'e87a5eb8800244ce0aea4e4879a8a5d5') in 0.004153 seconds
Number of updated asset objects reloaded before import = 0
Number of asset objects unloaded after import = 35
========================================================================
Received Import Request.
  Time since last request: 0.000017 seconds.
  path: Assets/CasterExplorer/Prefabs/ObjectScen/Objects/WallsPrefabs/Tunnels/Tunnel(20)_3.prefab
  artifactKey: Guid(b0040d3ebea70a642a50b72fa8fc129b) Importer(815301076,1909f56bfc062723c751e8b465ee728b)
Start importing Assets/CasterExplorer/Prefabs/ObjectScen/Objects/WallsPrefabs/Tunnels/Tunnel(20)_3.prefab using Guid(b0040d3ebea70a642a50b72fa8fc129b) Importer(815301076,1909f56bfc062723c751e8b465ee728b)  -> (artifact id: 'e1bc224f4a69379a9adb8cbb783b7171') in 0.054129 seconds
Number of updated asset objects reloaded before import = 0
Number of asset objects unloaded after import = 10
========================================================================
Received Import Request.
  Time since last request: 0.000016 seconds.
  path: Assets/CasterExplorer/Prefabs/Characters/NPC/Salamandra/SalamandraModelTest.prefab
  artifactKey: Guid(f5b9dcb5c86752841a1c2a94c7e82f2e) Importer(815301076,1909f56bfc062723c751e8b465ee728b)
Start importing Assets/CasterExplorer/Prefabs/Characters/NPC/Salamandra/SalamandraModelTest.prefab using Guid(f5b9dcb5c86752841a1c2a94c7e82f2e) Importer(815301076,1909f56bfc062723c751e8b465ee728b)  -> (artifact id: '45c7619c8ad7253cb25cab0b17722e10') in 0.135232 seconds
Number of updated asset objects reloaded before import = 0
Number of asset objects unloaded after import = 186
========================================================================
Received Import Request.
  Time since last request: 0.000035 seconds.
  path: Packages/com.unity.render-pipelines.core/Runtime/Debugging/Prefabs/Widgets/DebugUIValuePersistent.prefab
  artifactKey: Guid(8778e6b26b51c6a4999b94d7cacd8b5d) Importer(815301076,1909f56bfc062723c751e8b465ee728b)
Start importing Packages/com.unity.render-pipelines.core/Runtime/Debugging/Prefabs/Widgets/DebugUIValuePersistent.prefab using Guid(8778e6b26b51c6a4999b94d7cacd8b5d) Importer(815301076,1909f56bfc062723c751e8b465ee728b)  -> (artifact id: '1a3d6dc0fc9087c0ad64ba751f695040') in 0.003299 seconds
Number of updated asset objects reloaded before import = 0
Number of asset objects unloaded after import = 13
========================================================================
Received Import Request.
  Time since last request: 0.000023 seconds.
  path: Packages/com.unity.render-pipelines.core/Runtime/Debugging/Prefabs/Widgets/DebugUIVector3.prefab
  artifactKey: Guid(94afea5f242d72547979595ba963f335) Importer(815301076,1909f56bfc062723c751e8b465ee728b)
Start importing Packages/com.unity.render-pipelines.core/Runtime/Debugging/Prefabs/Widgets/DebugUIVector3.prefab using Guid(94afea5f242d72547979595ba963f335) Importer(815301076,1909f56bfc062723c751e8b465ee728b)  -> (artifact id: '475600ae3e8112f9b950ce1861386556') in 0.004893 seconds
Number of updated asset objects reloaded before import = 0
Number of asset objects unloaded after import = 62
========================================================================
Received Import Request.
  Time since last request: 0.000018 seconds.
  path: Assets/CasterExplorer/Prefabs/ObjectScen/Objects/WallsPrefabs/Walls/WallTwoComeOn(10x10x10)_1.prefab
  artifactKey: Guid(b3834ab032887ea449b6a268d157fad9) Importer(815301076,1909f56bfc062723c751e8b465ee728b)
Start importing Assets/CasterExplorer/Prefabs/ObjectScen/Objects/WallsPrefabs/Walls/WallTwoComeOn(10x10x10)_1.prefab using Guid(b3834ab032887ea449b6a268d157fad9) Importer(815301076,1909f56bfc062723c751e8b465ee728b)  -> (artifact id: '9fd8e3fa1621df62ce2bcee13c58b716') in 0.004131 seconds
Number of updated asset objects reloaded before import = 0
Number of asset objects unloaded after import = 10
========================================================================
Received Import Request.
  Time since last request: 0.000016 seconds.
  path: Packages/com.unity.render-pipelines.core/Runtime/Debugging/Prefabs/Widgets/DebugUIObjectList.prefab
  artifactKey: Guid(ad83bc56407925d44a77a5bd01cd6783) Importer(815301076,1909f56bfc062723c751e8b465ee728b)
Start importing Packages/com.unity.render-pipelines.core/Runtime/Debugging/Prefabs/Widgets/DebugUIObjectList.prefab using Guid(ad83bc56407925d44a77a5bd01cd6783) Importer(815301076,1909f56bfc062723c751e8b465ee728b)  -> (artifact id: 'c20d18831f88a08435bec45a7130fe07') in 0.003235 seconds
Number of updated asset objects reloaded before import = 0
Number of asset objects unloaded after import = 25
========================================================================
Received Import Request.
  Time since last request: 0.000021 seconds.
  path: Assets/CasterExplorer/Prefabs/Characters/NPC/Magisteriya/Prefabs/MagisteriyaSpawn.prefab
  artifactKey: Guid(28275420ac6bd88489bf4f0ba2249e1d) Importer(815301076,1909f56bfc062723c751e8b465ee728b)
Start importing Assets/CasterExplorer/Prefabs/Characters/NPC/Magisteriya/Prefabs/MagisteriyaSpawn.prefab using Guid(28275420ac6bd88489bf4f0ba2249e1d) Importer(815301076,1909f56bfc062723c751e8b465ee728b)  -> (artifact id: 'b8ddee5499a2d11836ef21f263dd41d7') in 0.002759 seconds
Number of updated asset objects reloaded before import = 0
Number of asset objects unloaded after import = 6
========================================================================
Received Import Request.
  Time since last request: 0.000040 seconds.
  path: Packages/com.unity.render-pipelines.core/Runtime/Debugging/Prefabs/Widgets/DebugUIValue.prefab
  artifactKey: Guid(dc0f88987826e6e48b1fe9c7c2b53a53) Importer(815301076,1909f56bfc062723c751e8b465ee728b)
Start importing Packages/com.unity.render-pipelines.core/Runtime/Debugging/Prefabs/Widgets/DebugUIValue.prefab using Guid(dc0f88987826e6e48b1fe9c7c2b53a53) Importer(815301076,1909f56bfc062723c751e8b465ee728b)  -> (artifact id: 'a452f1de36bfbf61467d2cb37d941428') in 0.002890 seconds
Number of updated asset objects reloaded before import = 0
Number of asset objects unloaded after import = 13
========================================================================
Received Import Request.
  Time since last request: 0.000020 seconds.
  path: Packages/com.unity.render-pipelines.core/Runtime/Debugging/Prefabs/Widgets/DebugUIIntField.prefab
  artifactKey: Guid(ae00bb75e0cd5b04b8fe7fb4ab662629) Importer(815301076,1909f56bfc062723c751e8b465ee728b)
Start importing Packages/com.unity.render-pipelines.core/Runtime/Debugging/Prefabs/Widgets/DebugUIIntField.prefab using Guid(ae00bb75e0cd5b04b8fe7fb4ab662629) Importer(815301076,1909f56bfc062723c751e8b465ee728b)  -> (artifact id: 'd46cf23010007a0e47ea2a71f01a2e2f') in 0.005321 seconds
Number of updated asset objects reloaded before import = 0
Number of asset objects unloaded after import = 35
========================================================================
Received Import Request.
  Time since last request: 0.000029 seconds.
  path: Assets/CasterExplorer/Prefabs/ObjectScen/Objects/Midazoliy/Prefab/Midazoliy.prefab
  artifactKey: Guid(91b3a6267aeccfc45b7ab81c4217c631) Importer(815301076,1909f56bfc062723c751e8b465ee728b)
Start importing Assets/CasterExplorer/Prefabs/ObjectScen/Objects/Midazoliy/Prefab/Midazoliy.prefab using Guid(91b3a6267aeccfc45b7ab81c4217c631) Importer(815301076,1909f56bfc062723c751e8b465ee728b)  -> (artifact id: '8fbb8b25c7f5e590d4396de24a2922f0') in 0.026257 seconds
Number of updated asset objects reloaded before import = 0
Number of asset objects unloaded after import = 32
